2024-09-02 17:06:18,825 - db_helper - INFO - fetch_expenses_for_date called with 2024-08-01
2024-09-02 17:06:19,085 - db_helper - INFO - fetch_expense_summary called with start: 2024-08-01 end: 2024-08-05
2024-09-02 17:06:47,394 - db_helper - INFO - fetch_expenses_for_date called with 2024-09-30
2024-09-02 17:06:47,463 - db_helper - INFO - fetch_expense_summary called with start: 2024-08-01 end: 2024-08-05
2024-09-02 17:07:46,664 - db_helper - INFO - fetch_expenses_for_date called with 2024-09-30
2024-09-02 17:07:46,707 - db_helper - INFO - fetch_expense_summary called with start: 2024-08-01 end: 2024-08-05
2024-09-02 17:12:07,162 - db_helper - INFO - fetch_expenses_for_date called with 2024-08-01
2024-09-02 17:12:34,865 - db_helper - INFO - delete_expenses_for_date called with 2024-08-28
2024-09-02 17:12:34,893 - db_helper - INFO - insert_expense called with date: 2024-08-28, amount: 23.0, category: Shopping, notes: Bought a mercedez car
2024-09-03 13:09:25,792 - db_helper - INFO - fetch_expenses_for_date called with 2024-08-02
2024-09-03 13:14:13,453 - db_helper - INFO - fetch_expenses_for_date called with 2024-08-02
2024-09-03 13:14:40,070 - db_helper - INFO - fetch_expenses_for_date called with 2024-08-02
2024-09-03 13:15:46,497 - db_helper - INFO - fetch_expenses_for_date called with 2024-08-02
2024-09-03 13:16:01,748 - db_helper - INFO - fetch_expenses_for_date called with 2024-08-02
2024-09-03 13:18:09,655 - db_helper - INFO - fetch_expenses_for_date called with 2024-08-01
2024-09-03 13:19:12,044 - db_helper - INFO - fetch_expenses_for_date called with 2024-08-01
2024-09-03 13:20:07,878 - db_helper - INFO - fetch_expenses_for_date called with 2024-08-01
2024-09-03 13:20:18,908 - db_helper - INFO - fetch_expenses_for_date called with 2024-08-01
2024-09-03 13:23:28,920 - db_helper - INFO - fetch_expenses_for_date called with 2024-08-01
2024-09-03 13:24:40,488 - db_helper - INFO - fetch_expenses_for_date called with 2024-08-01
2024-09-03 13:24:42,618 - db_helper - INFO - delete_expenses_for_date called with 2024-08-01
2024-09-03 13:24:42,647 - db_helper - INFO - insert_expense called with date: 2024-08-01, amount: 1340.0, category: Rent, notes: Monthly rent payment
2024-09-03 13:24:42,658 - db_helper - INFO - insert_expense called with date: 2024-08-01, amount: 300.0, category: Food, notes: Groceries for the week
2024-09-03 13:24:42,664 - db_helper - INFO - insert_expense called with date: 2024-08-01, amount: 1200.0, category: Rent, notes: Monthly rent payment
2024-09-03 13:24:42,670 - db_helper - INFO - insert_expense called with date: 2024-08-01, amount: 300.0, category: Food, notes: Groceries for the week
2024-09-03 13:24:42,675 - db_helper - INFO - insert_expense called with date: 2024-08-01, amount: 20.0, category: Shopping, notes: Bought dairy milk chocolate
2024-09-03 13:25:30,234 - db_helper - INFO - fetch_expenses_for_date called with 2024-08-01
2024-09-03 13:25:35,277 - db_helper - INFO - fetch_expenses_for_date called with 2024-08-02
2024-09-03 13:25:39,836 - db_helper - INFO - fetch_expenses_for_date called with 2024-08-16
2024-09-03 13:41:40,040 - db_helper - INFO - fetch_expenses_for_date called with 2024-08-02
2024-09-03 13:42:43,656 - db_helper - INFO - fetch_expenses_for_date called with 2024-08-02
2024-09-03 13:43:46,494 - db_helper - INFO - fetch_expenses_for_date called with 2024-08-02
2024-09-03 13:43:51,431 - db_helper - INFO - fetch_expenses_for_date called with 2024-08-01
2024-09-03 13:43:55,008 - db_helper - INFO - fetch_expenses_for_date called with 2024-08-01
2024-09-03 13:49:44,387 - db_helper - INFO - fetch_expenses_for_date called with 2024-08-01
2024-09-03 13:51:02,499 - db_helper - INFO - fetch_expenses_for_date called with 2024-08-01
2024-09-03 13:52:03,370 - db_helper - INFO - fetch_expenses_for_date called with 2024-08-01
2024-09-03 13:53:26,743 - db_helper - INFO - fetch_expenses_for_date called with 2024-08-01
2024-09-03 13:54:03,659 - db_helper - INFO - fetch_expenses_for_date called with 2024-08-01
2024-09-03 13:57:37,265 - db_helper - INFO - fetch_expenses_for_date called with 2024-08-01
2024-09-03 13:59:03,489 - db_helper - INFO - fetch_expenses_for_date called with 2024-08-01
2024-09-03 14:00:04,391 - db_helper - INFO - fetch_expenses_for_date called with 2024-08-01
2024-09-03 14:01:07,377 - db_helper - INFO - fetch_expenses_for_date called with 2024-08-01
2024-09-03 14:01:34,920 - db_helper - INFO - fetch_expenses_for_date called with 2024-08-01
2024-09-03 14:01:47,824 - db_helper - INFO - fetch_expenses_for_date called with 2024-08-01
2024-09-03 14:02:43,817 - db_helper - INFO - fetch_expenses_for_date called with 2024-08-01
2024-09-03 14:02:49,061 - db_helper - INFO - fetch_expenses_for_date called with 2024-08-02
2024-09-03 14:02:54,091 - db_helper - INFO - fetch_expenses_for_date called with 2024-08-07
2024-09-03 14:08:01,017 - db_helper - INFO - fetch_expenses_for_date called with 2024-08-07
2024-09-03 14:08:39,479 - db_helper - INFO - fetch_expenses_for_date called with 2024-08-07
2024-09-03 14:08:41,555 - db_helper - INFO - delete_expenses_for_date called with 2024-08-07
2024-09-03 14:08:41,565 - db_helper - INFO - insert_expense called with date: 2024-08-07, amount: 20.0, category: Shopping, notes: bought coconut
2024-09-03 14:08:41,581 - db_helper - INFO - insert_expense called with date: 2024-08-07, amount: 10.0, category: Shopping, notes: bought hair oild
2024-09-03 14:08:41,586 - db_helper - INFO - insert_expense called with date: 2024-08-07, amount: 40.0, category: Food, notes: ate pakoda
2024-09-03 14:09:05,902 - db_helper - INFO - fetch_expenses_for_date called with 2024-08-01
2024-09-03 14:09:10,568 - db_helper - INFO - fetch_expenses_for_date called with 2024-08-07
2024-09-03 14:24:39,169 - db_helper - INFO - fetch_expense_summary called with start: 2024-08-01 end: 2024-08-05
2024-09-03 14:30:03,443 - db_helper - INFO - fetch_expense_summary called with start: 2024-08-01 end: 2024-08-05
2024-09-03 14:40:30,568 - db_helper - INFO - fetch_expenses_for_date called with 2024-08-01
2024-09-03 14:41:21,967 - db_helper - INFO - fetch_expenses_for_date called with 2024-08-01
2024-09-03 14:43:12,325 - db_helper - INFO - fetch_expenses_for_date called with 2024-08-01
2024-09-03 14:43:15,409 - db_helper - INFO - fetch_expenses_for_date called with 2024-08-01
2024-09-03 14:43:17,491 - db_helper - INFO - fetch_expense_summary called with start: 2024-08-01 end: 2024-08-05
2024-09-03 14:44:48,321 - db_helper - INFO - fetch_expenses_for_date called with 2024-08-01
2024-09-03 14:44:51,086 - db_helper - INFO - fetch_expenses_for_date called with 2024-08-01
2024-09-03 14:44:53,165 - db_helper - INFO - fetch_expense_summary called with start: 2024-08-01 end: 2024-08-05
2024-09-03 14:45:51,488 - db_helper - INFO - fetch_expenses_for_date called with 2024-08-01
2024-09-03 14:45:54,316 - db_helper - INFO - fetch_expenses_for_date called with 2024-08-01
2024-09-03 14:45:56,444 - db_helper - INFO - fetch_expense_summary called with start: 2024-08-01 end: 2024-08-05
2024-09-03 14:47:15,077 - db_helper - INFO - fetch_expenses_for_date called with 2024-08-01
2024-09-03 14:47:18,864 - db_helper - INFO - fetch_expenses_for_date called with 2024-08-01
2024-09-03 14:47:20,907 - db_helper - INFO - fetch_expense_summary called with start: 2024-08-01 end: 2024-08-05
2024-09-03 14:49:43,199 - db_helper - INFO - fetch_expenses_for_date called with 2024-08-01
2024-09-03 14:49:49,055 - db_helper - INFO - fetch_expenses_for_date called with 2024-08-01
2024-09-03 14:49:51,142 - db_helper - INFO - fetch_expense_summary called with start: 2024-08-01 end: 2024-08-05
2024-09-03 14:50:31,492 - db_helper - INFO - fetch_expenses_for_date called with 2024-08-01
2024-09-03 14:50:34,719 - db_helper - INFO - fetch_expenses_for_date called with 2024-08-01
2024-09-03 14:50:36,818 - db_helper - INFO - fetch_expense_summary called with start: 2024-08-01 end: 2024-08-05
2024-09-03 16:59:07,583 - db_helper - INFO - fetch_expenses_for_date called with 2024-08-01
2024-09-03 16:59:08,307 - db_helper - INFO - fetch_expenses_for_date called with 2024-08-07
2024-09-03 18:04:04,740 - db_helper - INFO - fetch_expenses_for_date called with 2024-08-16
2024-09-03 18:04:09,935 - db_helper - INFO - fetch_expenses_for_date called with 2024-08-17
2024-09-03 18:04:14,123 - db_helper - INFO - fetch_expenses_for_date called with 2024-08-15
2024-09-03 18:04:23,283 - db_helper - INFO - fetch_expenses_for_date called with 2024-08-15
2024-09-03 18:04:25,333 - db_helper - INFO - delete_expenses_for_date called with 2024-08-15
2024-09-03 18:04:30,552 - db_helper - INFO - fetch_expenses_for_date called with 2024-08-16
2024-09-03 18:04:34,641 - db_helper - INFO - fetch_expenses_for_date called with 2024-08-15
2025-05-11 19:20:25,247 - db_helper - INFO - fetch_expenses_for_date called with 2024-09-30
2025-05-11 19:20:27,048 - db_helper - INFO - fetch_expense_summary called with start: 2024-08-01 end: 2024-08-05
2025-05-11 19:37:09,179 - db_helper - INFO - fetch_expenses_for_date called with 2024-08-01
2025-05-11 19:37:15,327 - db_helper - INFO - fetch_expenses_for_date called with 2024-08-10
2025-05-11 19:37:20,096 - db_helper - INFO - fetch_expenses_for_date called with 2024-08-10
2025-05-11 19:37:20,192 - db_helper - INFO - fetch_expense_summary called with start: 2024-08-01 end: 2024-08-05
2025-05-11 19:56:52,532 - db_helper - INFO - fetch_expenses_for_date called with 2024-09-30
2025-05-11 19:56:53,489 - db_helper - INFO - fetch_expense_summary called with start: 2024-08-01 end: 2024-08-05
2025-05-11 19:56:53,514 - db_helper - INFO - Analytics by month tab pressed
2025-05-11 20:03:28,356 - db_helper - INFO - fetch_expenses_for_date called with 2024-08-10
2025-05-11 20:03:28,451 - db_helper - INFO - Analytics by month tab pressed
2025-05-11 20:03:40,139 - db_helper - INFO - fetch_expenses_for_date called with 2024-08-01
2025-05-11 20:03:40,276 - db_helper - INFO - fetch_expense_summary called with start: 2024-08-01 end: 2024-08-05
2025-05-11 20:03:40,324 - db_helper - INFO - Analytics by month tab pressed
2025-05-11 20:03:52,236 - db_helper - INFO - fetch_expenses_for_date called with 2024-08-01
2025-05-11 20:03:52,343 - db_helper - INFO - Analytics by month tab pressed
2025-05-11 20:03:54,753 - db_helper - INFO - fetch_expenses_for_date called with 2024-08-01
2025-05-11 20:03:54,930 - db_helper - INFO - fetch_expense_summary called with start: 2024-08-01 end: 2024-08-24
2025-05-11 20:03:55,014 - db_helper - INFO - Analytics by month tab pressed
2025-05-11 20:08:13,358 - db_helper - INFO - fetch_expenses_for_date called with 2024-08-01
2025-05-11 20:08:13,456 - db_helper - INFO - Analytics by month tab pressed
2025-05-11 20:10:32,207 - db_helper - INFO - fetch_expenses_for_date called with 2024-08-01
2025-05-11 20:10:32,261 - db_helper - INFO - Analytics by month tab pressed
2025-05-11 20:11:10,663 - db_helper - INFO - fetch_expenses_for_date called with 2024-08-01
2025-05-11 20:11:10,750 - db_helper - INFO - Analytics by month tab pressed
2025-05-11 20:11:52,498 - db_helper - INFO - fetch_expenses_for_date called with 2024-08-01
2025-05-11 20:11:52,554 - db_helper - INFO - Analytics by month tab pressed
2025-05-11 20:12:12,228 - db_helper - INFO - fetch_expenses_for_date called with 2024-08-01
2025-05-11 20:12:12,289 - db_helper - INFO - Analytics by month tab pressed
2025-05-11 20:12:37,247 - db_helper - INFO - fetch_expenses_for_date called with 2024-08-01
2025-05-11 20:12:37,316 - db_helper - INFO - Analytics by month tab pressed
2025-05-11 20:13:13,192 - db_helper - INFO - fetch_expenses_for_date called with 2024-08-01
2025-05-11 20:13:13,225 - db_helper - INFO - Analytics by month tab pressed
2025-05-11 20:13:32,670 - db_helper - INFO - fetch_expenses_for_date called with 2024-08-01
2025-05-11 20:13:32,737 - db_helper - INFO - Analytics by month tab pressed
2025-05-11 20:19:05,808 - db_helper - INFO - fetch_expenses_for_date called with 2024-08-01
2025-05-11 20:19:06,002 - db_helper - INFO - Analytics by month tab pressed
2025-05-11 20:21:11,331 - db_helper - INFO - fetch_expenses_for_date called with 2024-08-01
2025-05-11 20:21:11,441 - db_helper - INFO - Analytics by month tab pressed
2025-05-11 20:21:14,421 - db_helper - INFO - fetch_expenses_for_date called with 2024-08-01
2025-05-11 20:21:14,511 - db_helper - INFO - fetch_expense_summary called with start: 2024-08-01 end: 2024-08-05
2025-05-11 20:21:14,732 - db_helper - INFO - Analytics by month tab pressed
2025-05-11 20:23:08,303 - db_helper - INFO - fetch_expenses_for_date called with 2024-08-01
2025-05-11 20:23:08,373 - db_helper - INFO - Analytics by month tab pressed
2025-05-11 20:23:10,512 - db_helper - INFO - fetch_expenses_for_date called with 2024-08-01
2025-05-11 20:23:10,568 - db_helper - INFO - fetch_expense_summary called with start: 2024-08-01 end: 2024-08-05
2025-05-11 20:23:10,660 - db_helper - INFO - Analytics by month tab pressed
2025-05-11 20:24:47,047 - db_helper - INFO - fetch_expenses_for_date called with 2024-08-01
2025-05-11 20:24:47,138 - db_helper - INFO - Analytics by month tab pressed
2025-05-11 20:24:48,938 - db_helper - INFO - fetch_expenses_for_date called with 2024-08-01
2025-05-11 20:24:48,990 - db_helper - INFO - fetch_expense_summary called with start: 2024-08-01 end: 2024-08-05
2025-05-11 20:24:49,051 - db_helper - INFO - Analytics by month tab pressed
2025-05-11 20:25:03,726 - db_helper - INFO - fetch_expenses_for_date called with 2024-08-31
2025-05-11 20:25:03,863 - db_helper - INFO - Analytics by month tab pressed
2025-05-11 20:25:22,461 - db_helper - INFO - fetch_expenses_for_date called with 2024-08-31
2025-05-11 20:25:22,527 - db_helper - INFO - delete_expenses_for_date called with 2024-08-31
2025-05-11 20:25:23,020 - db_helper - INFO - insert_expense called with date: 2024-08-31, amount: 30.0, category: Food, notes: pani puri
2025-05-11 20:25:24,051 - db_helper - INFO - Analytics by month tab pressed
2025-05-11 20:25:32,364 - db_helper - INFO - fetch_expenses_for_date called with 2024-08-01
2025-05-11 20:25:32,429 - db_helper - INFO - Analytics by month tab pressed
2025-05-11 20:25:35,951 - db_helper - INFO - fetch_expenses_for_date called with 2024-08-31
2025-05-11 20:25:36,028 - db_helper - INFO - Analytics by month tab pressed
2025-05-11 20:25:42,598 - db_helper - INFO - fetch_expenses_for_date called with 2024-08-31
2025-05-11 20:25:42,669 - db_helper - INFO - fetch_expense_summary called with start: 2024-08-01 end: 2024-08-05
2025-05-11 20:25:42,722 - db_helper - INFO - Analytics by month tab pressed
2025-05-11 20:26:19,528 - db_helper - INFO - fetch_expenses_for_date called with 2024-08-31
2025-05-11 20:26:19,789 - db_helper - INFO - Analytics by month tab pressed
2025-05-11 20:26:48,918 - db_helper - INFO - fetch_expenses_for_date called with 2024-08-31
2025-05-11 20:26:49,005 - db_helper - INFO - fetch_expense_summary called with start: 2024-08-01 end: 2024-08-05
2025-05-11 20:26:49,066 - db_helper - INFO - Analytics by month tab pressed
2025-05-11 20:27:33,889 - db_helper - INFO - fetch_expenses_for_date called with 2024-08-31
2025-05-11 20:27:33,975 - db_helper - INFO - Analytics by month tab pressed
2025-05-12 16:50:18,847 - db_helper - INFO - fetch_expenses_for_date called with 2024-08-01
2025-05-12 16:50:22,386 - db_helper - INFO - Analytics by month tab pressed
2025-05-12 16:50:37,555 - db_helper - INFO - fetch_expenses_for_date called with 2024-08-01
2025-05-12 16:50:38,096 - db_helper - INFO - fetch_expense_summary called with start: 2024-08-01 end: 2024-08-05
2025-05-12 16:50:38,449 - db_helper - INFO - Analytics by month tab pressed
2025-05-12 17:03:58,540 - db_helper - INFO - fetch_expenses_for_date called with 2024-08-01
2025-05-12 17:03:58,771 - db_helper - INFO - fetch_expense_summary called with start: 2024-08-01 end: 2024-08-05
2025-05-12 17:03:58,909 - db_helper - INFO - Analytics by month tab pressed
2025-05-12 17:04:12,554 - db_helper - INFO - fetch_expenses_for_date called with 2024-08-24
2025-05-12 17:04:12,662 - db_helper - INFO - Analytics by month tab pressed
2025-05-12 17:04:45,444 - db_helper - INFO - fetch_expenses_for_date called with 2024-08-24
2025-05-12 17:04:45,527 - db_helper - INFO - delete_expenses_for_date called with 2024-08-24
2025-05-12 17:04:45,601 - db_helper - INFO - insert_expense called with date: 2024-08-24, amount: 30.0, category: Food, notes: pani puri
2025-05-12 17:04:45,928 - db_helper - INFO - insert_expense called with date: 2024-08-24, amount: 250.0, category: Food, notes: chicken biryani
2025-05-12 17:04:46,366 - db_helper - INFO - Analytics by month tab pressed
2025-05-12 17:04:51,510 - db_helper - INFO - fetch_expenses_for_date called with 2024-08-01
2025-05-12 17:04:51,598 - db_helper - INFO - Analytics by month tab pressed
2025-05-12 17:04:56,987 - db_helper - INFO - fetch_expenses_for_date called with 2024-08-24
2025-05-12 17:04:57,057 - db_helper - INFO - Analytics by month tab pressed
2025-05-12 17:05:06,517 - db_helper - INFO - fetch_expenses_for_date called with 2024-08-24
2025-05-12 17:05:06,617 - db_helper - INFO - fetch_expense_summary called with start: 2024-08-01 end: 2024-08-31
2025-05-12 17:05:06,672 - db_helper - INFO - Analytics by month tab pressed
2025-05-12 17:09:44,469 - db_helper - INFO - fetch_expenses_for_date called with 2024-08-24
2025-05-12 17:09:44,666 - db_helper - INFO - fetch_expense_summary called with start: 2024-08-01 end: 2024-09-13
2025-05-12 17:09:44,731 - db_helper - INFO - Analytics by month tab pressed
2025-05-12 17:10:04,672 - db_helper - INFO - fetch_expenses_for_date called with 2024-08-31
2025-05-12 17:10:04,744 - db_helper - INFO - Analytics by month tab pressed
2025-05-12 17:10:28,655 - db_helper - INFO - fetch_expenses_for_date called with 2024-08-31
2025-05-12 17:10:28,736 - db_helper - INFO - delete_expenses_for_date called with 2024-08-31
2025-05-12 17:10:29,057 - db_helper - INFO - insert_expense called with date: 2024-08-31, amount: 30.0, category: Food, notes: pani puri
2025-05-12 17:10:29,284 - db_helper - INFO - insert_expense called with date: 2024-08-31, amount: 250.0, category: Food, notes: chicken biryani
2025-05-12 17:10:29,422 - db_helper - INFO - Analytics by month tab pressed
2025-05-12 17:10:33,926 - db_helper - INFO - fetch_expenses_for_date called with 2024-08-21
2025-05-12 17:10:33,994 - db_helper - INFO - Analytics by month tab pressed
2025-05-12 17:10:38,025 - db_helper - INFO - fetch_expenses_for_date called with 2024-08-31
2025-05-12 17:10:38,103 - db_helper - INFO - Analytics by month tab pressed
